#
# There is insufficient memory for the Java Runtime Environment to continue.
# Native memory allocation (malloc) failed to allocate 1048576 bytes. Error detail: AllocateHeap
# Possible reasons:
#   The system is out of physical RAM or swap space
#   This process is running with CompressedOops enabled, and the Java Heap may be blocking the growth of the native heap
# Possible solutions:
#   Reduce memory load on the system
#   Increase physical memory or swap space
#   Check if swap backing store is full
#   Decrease Java heap size (-Xmx/-Xms)
#   Decrease number of Java threads
#   Decrease Java thread stack sizes (-Xss)
#   Set larger code cache with -XX:ReservedCodeCacheSize=
#   JVM is running with Unscaled Compressed Oops mode in which the Java heap is
#     placed in the first 4GB address space. The Java Heap base address is the
#     maximum limit for the native heap growth. Please use -XX:HeapBaseMinAddress
#     to set the Java Heap base and to place the Java Heap above 4GB virtual address.
# This output file may be truncated or incomplete.
#
#  Out of Memory Error (allocation.cpp:44), pid=12384, tid=25860
#
# JRE version:  (21.0.8+9) (build )
# Java VM: OpenJDK 64-Bit Server VM (21.0.8+9-LTS, mixed mode, sharing, tiered, compressed oops, compressed class ptrs, parallel gc, windows-amd64)
# No core dump will be written. Minidumps are not enabled by default on client versions of Windows
#

---------------  S U M M A R Y ------------

Command Line: --add-modules=ALL-SYSTEM --add-opens=java.base/java.util=ALL-UNNAMED --add-opens=java.base/java.lang=ALL-UNNAMED --add-opens=java.base/sun.nio.fs=ALL-UNNAMED -Declipse.application=org.eclipse.jdt.ls.core.id1 -Dosgi.bundles.defaultStartLevel=4 -Declipse.product=org.eclipse.jdt.ls.core.product -Djava.import.generatesMetadataFilesAtProjectRoot=false -DDetectVMInstallationsJob.disabled=true -Dfile.encoding=utf8 -XX:+UseParallelGC -XX:GCTimeRatio=4 -XX:AdaptiveSizePolicyWeight=90 -Dsun.zip.disableMemoryMapping=true -Xmx2G -Xms100m -Xlog:disable -javaagent:c:\Users\91990\.vscode\extensions\redhat.java-1.46.0-win32-x64\lombok\lombok-1.18.39-4050.jar -XX:+HeapDumpOnOutOfMemoryError -XX:HeapDumpPath=c:\Users\91990\AppData\Roaming\Code\User\workspaceStorage\68ef28221b4767224c37e8e9ebcae2bc\redhat.java -Daether.dependencyCollector.impl=bf c:\Users\91990\.vscode\extensions\redhat.java-1.46.0-win32-x64\server\plugins\org.eclipse.equinox.launcher_1.7.0.v20250519-0528.jar -configuration c:\Users\91990\AppData\Roaming\Code\User\globalStorage\redhat.java\1.46.0\config_win -data c:\Users\91990\AppData\Roaming\Code\User\workspaceStorage\68ef28221b4767224c37e8e9ebcae2bc\redhat.java\jdt_ws --pipe=\\.\pipe\lsp-b21d30027f3f9fb43189fcbaebdcb508-sock

Host: Intel(R) Core(TM) i7-10750H CPU @ 2.60GHz, 12 cores, 15G,  Windows 11 , 64 bit Build 22621 (10.0.22621.5415)
Time: Tue Oct 21 08:18:37 2025 India Standard Time elapsed time: 0.031714 seconds (0d 0h 0m 0s)

---------------  T H R E A D  ---------------

Current thread (0x000001ea02607ae0):  JavaThread "Unknown thread" [_thread_in_vm, id=25860, stack(0x0000009bf0e00000,0x0000009bf0f00000) (1024K)]

Stack: [0x0000009bf0e00000,0x0000009bf0f00000]
Native frames: (J=compiled Java code, j=interpreted, Vv=VM code, C=native code)
V  [jvm.dll+0x6d2449]
V  [jvm.dll+0x8ae341]
V  [jvm.dll+0x8b08be]
V  [jvm.dll+0x8b0fa3]
V  [jvm.dll+0x280c96]
V  [jvm.dll+0xc0347]
V  [jvm.dll+0x706540]
V  [jvm.dll+0x7070ac]
V  [jvm.dll+0x6e0f43]
V  [jvm.dll+0x877c7c]
V  [jvm.dll+0x3becec]
V  [jvm.dll+0x8606d8]
V  [jvm.dll+0x4530ee]
V  [jvm.dll+0x454d31]
C  [jli.dll+0x5278]
C  [ucrtbase.dll+0x29333]
C  [KERNEL32.DLL+0x1259d]
C  [ntdll.dll+0x5af78]


---------------  P R O C E S S  ---------------

Threads class SMR info:
_java_thread_list=0x000001ea04891360, length=1, elements={
0x000001ea02607ae0
}

Java Threads: ( => current thread )
=>0x000001ea02607ae0 JavaThread "Unknown thread"             [_thread_in_vm, id=25860, stack(0x0000009bf0e00000,0x0000009bf0f00000) (1024K)]
Total: 1

Other Threads:
  0x000001ea1b1dca00 WatcherThread "VM Periodic Task Thread"        [id=31284, stack(0x0000009bf1000000,0x0000009bf1100000) (1024K)]
  0x000001ea0488aa90 WorkerThread "GC Thread#0"                     [id=29772, stack(0x0000009bf0f00000,0x0000009bf1000000) (1024K)]
Total: 2

Threads with active compile tasks:
Total: 0

VM state: not at safepoint (normal execution)

VM Mutex/Monitor currently owned by a thread: None

Heap address: 0x0000000080000000, size: 2048 MB, Compressed Oops mode: 32-bit

CDS archive(s) mapped at: [0x000001ea1c000000-0x000001ea1cba0000-0x000001ea1cba0000), size 12189696, SharedBaseAddress: 0x000001ea1c000000, ArchiveRelocationMode: 1.
Compressed class space mapped at: 0x000001ea1d000000-0x000001ea5d000000, reserved size: 1073741824
Narrow klass base: 0x000001ea1c000000, Narrow klass shift: 0, Narrow klass range: 0x100000000

GC Precious Log:
 CardTable entry size: 512
 CPUs: 12 total, 12 available
 Memory: 16169M
 Large Page Support: Disabled
 NUMA Support: Disabled
 Compressed Oops: Enabled (32-bit)
 Alignments: Space 512K, Generation 512K, Heap 2M
 Heap Min Capacity: 100M
 Heap Initial Capacity: 100M
 Heap Max Capacity: 2G
 Pre-touch: Disabled
 Parallel Workers: 10

Heap:
 PSYoungGen      total 29696K, used 512K [0x00000000d5580000, 0x00000000d7680000, 0x0000000100000000)
  eden space 25600K, 2% used [0x00000000d5580000,0x00000000d5600020,0x00000000d6e80000)
  from space 4096K, 0% used [0x00000000d7280000,0x00000000d7280000,0x00000000d7680000)
  to   space 4096K, 0% used [0x00000000d6e80000,0x00000000d6e80000,0x00000000d7280000)
 ParOldGen       total 68608K, used 0K [0x0000000080000000, 0x0000000084300000, 0x00000000d5580000)
  object space 68608K, 0% used [0x0000000080000000,0x0000000080000000,0x0000000084300000)
 Metaspace       used 0K, committed 0K, reserved 1048576K
  class space    used 0K, committed 0K, reserved 1048576K

Card table byte_map: [0x000001ea04230000,0x000001ea04640000] _byte_map_base: 0x000001ea03e30000

Marking Bits: (ParMarkBitMap*) 0x00007ffddcdca340
 Begin Bits: [0x000001ea16d00000, 0x000001ea18d00000)
 End Bits:   [0x000001ea18d00000, 0x000001ea1ad00000)

Polling page: 0x000001ea04020000

Metaspace:

Usage:
  Non-class:      0 bytes used.
      Class:      0 bytes used.
       Both:      0 bytes used.

Virtual space:
  Non-class space:        0 bytes reserved,       0 bytes (  ?%) committed,  0 nodes.
      Class space:        1.00 GB reserved,       0 bytes (  0%) committed,  1 nodes.
             Both:        1.00 GB reserved,       0 bytes (  0%) committed. 

Chunk freelists:
   Non-Class:  0 bytes
       Class:  16.00 MB
        Both:  16.00 MB

MaxMetaspaceSize: unlimited
CompressedClassSpaceSize: 1.00 GB
Initial GC threshold: 21.00 MB
Current GC threshold: 17179869184.00 GB
CDS: on
 - commit_granule_bytes: 65536.
 - commit_granule_words: 8192.
 - virtual_space_node_default_size: 8388608.
 - enlarge_chunks_in_place: 1.
 - use_allocation_guard: 0.


Internal statistics:

num_allocs_failed_limit: 0.
num_arena_births: 0.
num_arena_deaths: 0.
num_vsnodes_births: 1.
num_vsnodes_deaths: 0.
num_space_committed: 0.
num_space_uncommitted: 0.
num_chunks_returned_to_freelist: 0.
num_chunks_taken_from_freelist: 1.
num_chunk_merges: 0.
num_chunk_splits: 1.
num_chunks_enlarged: 0.
num_inconsistent_stats: 0.

CodeHeap 'non-profiled nmethods': size=120000Kb used=0Kb max_used=0Kb free=120000Kb
 bounds [0x000001ea0f520000, 0x000001ea0f790000, 0x000001ea16a50000]
CodeHeap 'profiled nmethods': size=120000Kb used=0Kb max_used=0Kb free=120000Kb
 bounds [0x000001ea07a50000, 0x000001ea07cc0000, 0x000001ea0ef80000]
CodeHeap 'non-nmethods': size=5760Kb used=194Kb max_used=342Kb free=5565Kb
 bounds [0x000001ea0ef80000, 0x000001ea0f1f0000, 0x000001ea0f520000]
CodeCache: size=245760Kb, used=194Kb, max_used=342Kb, free=245565Kb
 total_blobs=70, nmethods=0, adapters=48, full_count=0
Compilation: enabled, stopped_count=0, restarted_count=0

Compilation events (0 events):
No events

GC Heap History (0 events):
No events

Dll operation events (1 events):
Event: 0.009 Loaded shared library c:\Users\91990\.vscode\extensions\redhat.java-1.46.0-win32-x64\jre\21.0.8-win32-x86_64\bin\java.dll

Deoptimization events (0 events):
No events

Classes loaded (0 events):
No events

Classes unloaded (0 events):
No events

Classes redefined (0 events):
No events

Internal exceptions (0 events):
No events

ZGC Phase Switch (0 events):
No events

VM Operations (0 events):
No events

Memory protections (0 events):
No events

Nmethod flushes (0 events):
No events

Events (1 events):
Event: 0.026 Thread 0x000001ea02607ae0 Thread added: 0x000001ea02607ae0


Dynamic libraries:
0x00007ff7d5160000 - 0x00007ff7d516e000 	c:\Users\91990\.vscode\extensions\redhat.java-1.46.0-win32-x64\jre\21.0.8-win32-x86_64\bin\java.exe
0x00007ffe79770000 - 0x00007ffe79987000 	C:\WINDOWS\SYSTEM32\ntdll.dll
0x00007ffe78930000 - 0x00007ffe789f4000 	C:\WINDOWS\System32\KERNEL32.DLL
0x00007ffe76be0000 - 0x00007ffe76fb0000 	C:\WINDOWS\System32\KERNELBASE.dll
0x00007ffe72260000 - 0x00007ffe722f7000 	C:\WINDOWS\SYSTEM32\apphelp.dll
0x00007ffe77050000 - 0x00007ffe77161000 	C:\WINDOWS\System32\ucrtbase.dll
0x00007ffe5f870000 - 0x00007ffe5f888000 	c:\Users\91990\.vscode\extensions\redhat.java-1.46.0-win32-x64\jre\21.0.8-win32-x86_64\bin\jli.dll
0x00007ffe5f850000 - 0x00007ffe5f86e000 	c:\Users\91990\.vscode\extensions\redhat.java-1.46.0-win32-x64\jre\21.0.8-win32-x86_64\bin\VCRUNTIME140.dll
0x00007ffe793d0000 - 0x00007ffe79581000 	C:\WINDOWS\System32\USER32.dll
0x00007ffe773a0000 - 0x00007ffe773c6000 	C:\WINDOWS\System32\win32u.dll
0x00007ffe6dfb0000 - 0x00007ffe6e24c000 	C:\WINDOWS\WinSxS\amd64_microsoft.windows.common-controls_6595b64144ccf1df_6.0.22621.5840_none_2710ea077384a4fe\COMCTL32.dll
0x00007ffe77400000 - 0x00007ffe77429000 	C:\WINDOWS\System32\GDI32.dll
0x00007ffe77440000 - 0x00007ffe774e7000 	C:\WINDOWS\System32\msvcrt.dll
0x00007ffe76ab0000 - 0x00007ffe76bd3000 	C:\WINDOWS\System32\gdi32full.dll
0x00007ffe76fb0000 - 0x00007ffe7704a000 	C:\WINDOWS\System32\msvcp_win.dll
0x00007ffe788f0000 - 0x00007ffe78921000 	C:\WINDOWS\System32\IMM32.DLL
0x00007ffe62be0000 - 0x00007ffe62bec000 	c:\Users\91990\.vscode\extensions\redhat.java-1.46.0-win32-x64\jre\21.0.8-win32-x86_64\bin\vcruntime140_1.dll
0x00007ffe39570000 - 0x00007ffe395fd000 	c:\Users\91990\.vscode\extensions\redhat.java-1.46.0-win32-x64\jre\21.0.8-win32-x86_64\bin\msvcp140.dll
0x00007ffddc110000 - 0x00007ffddcea7000 	c:\Users\91990\.vscode\extensions\redhat.java-1.46.0-win32-x64\jre\21.0.8-win32-x86_64\bin\server\jvm.dll
0x00007ffe78a00000 - 0x00007ffe78ab1000 	C:\WINDOWS\System32\ADVAPI32.dll
0x00007ffe79590000 - 0x00007ffe79638000 	C:\WINDOWS\System32\sechost.dll
0x00007ffe773d0000 - 0x00007ffe773f8000 	C:\WINDOWS\System32\bcrypt.dll
0x00007ffe77a70000 - 0x00007ffe77b88000 	C:\WINDOWS\System32\RPCRT4.dll
0x00007ffe79190000 - 0x00007ffe79201000 	C:\WINDOWS\System32\WS2_32.dll
0x00007ffe75660000 - 0x00007ffe756ad000 	C:\WINDOWS\SYSTEM32\POWRPROF.dll
0x00007ffe62710000 - 0x00007ffe62744000 	C:\WINDOWS\SYSTEM32\WINMM.dll
0x00007ffe72540000 - 0x00007ffe7254a000 	C:\WINDOWS\SYSTEM32\VERSION.dll
0x00007ffe75640000 - 0x00007ffe75653000 	C:\WINDOWS\SYSTEM32\UMPDC.dll
0x00007ffe75900000 - 0x00007ffe75918000 	C:\WINDOWS\SYSTEM32\kernel.appcore.dll
0x00007ffe629f0000 - 0x00007ffe629fa000 	c:\Users\91990\.vscode\extensions\redhat.java-1.46.0-win32-x64\jre\21.0.8-win32-x86_64\bin\jimage.dll
0x00007ffe741f0000 - 0x00007ffe74423000 	C:\WINDOWS\SYSTEM32\DBGHELP.DLL
0x00007ffe78ac0000 - 0x00007ffe78e51000 	C:\WINDOWS\System32\combase.dll
0x00007ffe774f0000 - 0x00007ffe775c8000 	C:\WINDOWS\System32\OLEAUT32.dll
0x00007ffe67810000 - 0x00007ffe67842000 	C:\WINDOWS\SYSTEM32\dbgcore.DLL
0x00007ffe76870000 - 0x00007ffe768eb000 	C:\WINDOWS\System32\bcryptPrimitives.dll
0x00007ffe5dc50000 - 0x00007ffe5dc5f000 	c:\Users\91990\.vscode\extensions\redhat.java-1.46.0-win32-x64\jre\21.0.8-win32-x86_64\bin\instrument.dll
0x00007ffe5dcf0000 - 0x00007ffe5dd0f000 	c:\Users\91990\.vscode\extensions\redhat.java-1.46.0-win32-x64\jre\21.0.8-win32-x86_64\bin\java.dll

JVMTI agents:
c:\Users\91990\.vscode\extensions\redhat.java-1.46.0-win32-x64\lombok\lombok-1.18.39-4050.jar path:none, loaded, not initialized, instrumentlib options:none

dbghelp: loaded successfully - version: 4.0.5 - missing functions: none
symbol engine: initialized successfully - sym options: 0x614 - pdb path: .;c:\Users\91990\.vscode\extensions\redhat.java-1.46.0-win32-x64\jre\21.0.8-win32-x86_64\bin;C:\WINDOWS\SYSTEM32;C:\WINDOWS\WinSxS\amd64_microsoft.windows.common-controls_6595b64144ccf1df_6.0.22621.5840_none_2710ea077384a4fe;c:\Users\91990\.vscode\extensions\redhat.java-1.46.0-win32-x64\jre\21.0.8-win32-x86_64\bin\server

VM Arguments:
jvm_args: --add-modules=ALL-SYSTEM --add-opens=java.base/java.util=ALL-UNNAMED --add-opens=java.base/java.lang=ALL-UNNAMED --add-opens=java.base/sun.nio.fs=ALL-UNNAMED -Declipse.application=org.eclipse.jdt.ls.core.id1 -Dosgi.bundles.defaultStartLevel=4 -Declipse.product=org.eclipse.jdt.ls.core.product -Djava.import.generatesMetadataFilesAtProjectRoot=false -DDetectVMInstallationsJob.disabled=true -Dfile.encoding=utf8 -XX:+UseParallelGC -XX:GCTimeRatio=4 -XX:AdaptiveSizePolicyWeight=90 -Dsun.zip.disableMemoryMapping=true -Xmx2G -Xms100m -Xlog:disable -javaagent:c:\Users\91990\.vscode\extensions\redhat.java-1.46.0-win32-x64\lombok\lombok-1.18.39-4050.jar -XX:+HeapDumpOnOutOfMemoryError -XX:HeapDumpPath=c:\Users\91990\AppData\Roaming\Code\User\workspaceStorage\68ef28221b4767224c37e8e9ebcae2bc\redhat.java -Daether.dependencyCollector.impl=bf 
java_command: c:\Users\91990\.vscode\extensions\redhat.java-1.46.0-win32-x64\server\plugins\org.eclipse.equinox.launcher_1.7.0.v20250519-0528.jar -configuration c:\Users\91990\AppData\Roaming\Code\User\globalStorage\redhat.java\1.46.0\config_win -data c:\Users\91990\AppData\Roaming\Code\User\workspaceStorage\68ef28221b4767224c37e8e9ebcae2bc\redhat.java\jdt_ws --pipe=\\.\pipe\lsp-b21d30027f3f9fb43189fcbaebdcb508-sock
java_class_path (initial): c:\Users\91990\.vscode\extensions\redhat.java-1.46.0-win32-x64\server\plugins\org.eclipse.equinox.launcher_1.7.0.v20250519-0528.jar
Launcher Type: SUN_STANDARD

[Global flags]
    uintx AdaptiveSizePolicyWeight                 = 90                                        {product} {command line}
     intx CICompilerCount                          = 4                                         {product} {ergonomic}
    uintx GCTimeRatio                              = 4                                         {product} {command line}
     bool HeapDumpOnOutOfMemoryError               = true                                   {manageable} {command line}
    ccstr HeapDumpPath                             = c:\Users\91990\AppData\Roaming\Code\User\workspaceStorage\68ef28221b4767224c37e8e9ebcae2bc\redhat.java         {manageable} {command line}
   size_t InitialHeapSize                          = 104857600                                 {product} {command line}
   size_t MaxHeapSize                              = 2147483648                                {product} {command line}
   size_t MaxNewSize                               = 715653120                                 {product} {ergonomic}
   size_t MinHeapDeltaBytes                        = 524288                                    {product} {ergonomic}
   size_t MinHeapSize                              = 104857600                                 {product} {command line}
   size_t NewSize                                  = 34603008                                  {product} {ergonomic}
    uintx NonNMethodCodeHeapSize                   = 5839372                                {pd product} {ergonomic}
    uintx NonProfiledCodeHeapSize                  = 122909434                              {pd product} {ergonomic}
   size_t OldSize                                  = 70254592                                  {product} {ergonomic}
    uintx ProfiledCodeHeapSize                     = 122909434                              {pd product} {ergonomic}
    uintx ReservedCodeCacheSize                    = 251658240                              {pd product} {ergonomic}
     bool SegmentedCodeCache                       = true                                      {product} {ergonomic}
   size_t SoftMaxHeapSize                          = 2147483648                             {manageable} {ergonomic}
     bool UseCompressedOops                        = true                           {product lp64_product} {ergonomic}
     bool UseLargePagesIndividualAllocation        = false                                  {pd product} {ergonomic}
     bool UseParallelGC                            = true                                      {product} {command line}

Logging:
Log output configuration:
 #0: stdout all=off uptime,level,tags foldmultilines=false
 #1: stderr all=off uptime,level,tags foldmultilines=false

Environment Variables:
JAVA_HOME=D:\java\jdk-17.0\
PATH=C:\Python313\Scripts\;C:\Python313\;C:\Windows\system32;C:\Windows;C:\Windows\System32\Wbem;C:\Windows\System32\WindowsPowerShell\v1.0\;C:\Windows\System32\OpenSSH\;C:\Program Files (x86)\NVIDIA Corporation\PhysX\Common;C:\Program Files\NVIDIA Corporation\NVIDIA NvDLISR;C:\Program Files\CMake\bin;C:\kotlin\kotlinc\bin;C:\Program Files (x86)\Java\jdk1.8.0_202\bin;C:\kotlin\kotlinc\bin;C:\gradle\gradle-6.8.3\bin;C:\Program Files\7-Zip;D:\svnRepo\bin;C:\Program Files\TortoiseSVN\bin;E:\nvm;E:\nvmInstallation;C:\WINDOWS\system32;C:\WINDOWS;C:\WINDOWS\System32\Wbem;C:\WINDOWS\System32\WindowsPowerShell\v1.0\;C:\WINDOWS\System32\OpenSSH\;C:\ProgramData\chocolatey\bin;C:\Program Files\Git\usr\bin;D:\putty\;D:\anaconda\Scripts;E:\installed\nodejs\;E:\installed\awsCli\;C:\Users\91990\AppData\Roaming\Python\Python313\Scripts;D:\anaconda;D:\anaconda\Library\mingw-w64\bin;D:\anaconda\Library\usr\bin;D:\anaconda\Library\bin;D:\python38\Scripts\;D:\python38\;C:\Users;D:\java\jdk-17.0\bin;D:\androidSdk\platform-tools;D:\Git\cmd;D:\anaconda;D:\anaconda\Library\mingw-w64\bin;D:\anaconda\Library\usr\bin;D:\anaconda\Library\bin;D:\anaconda\Scripts;D:\python38\Scripts\;D:\python38\;C:\Users\91990\AppData\Local\Programs\Python\Python39\Scripts\;C:\Users\91990\AppData\Local\Programs\Python\Python39\;C:\Users\91990\AppData\Local\Microsoft\WindowsApps;C:\Users\91990\AppData\Local\Programs\Microsoft VS Code\bin;D:\intellsensIDE\IntelliJ IDEA Community Edition 2022.1.3\bin;;C:\Program Files (x86)\Nmap;C:\Users\91990\AppData\Local\GitHubDesktop\bin;D:\dataspell\DataSpell 2023.1.4\bin;;E:\nvm;E:\nvmInstallation;C:\Users\91990\AppData\Roaming\npm
USERNAME=91990
OS=Windows_NT
PROCESSOR_IDENTIFIER=Intel64 Family 6 Model 165 Stepping 2, GenuineIntel
TMP=C:\Users\91990\AppData\Local\Temp
TEMP=C:\Users\91990\AppData\Local\Temp




Periodic native trim disabled

---------------  S Y S T E M  ---------------

OS:
 Windows 11 , 64 bit Build 22621 (10.0.22621.5415)
OS uptime: 5 days 19:34 hours
Hyper-V role detected

CPU: total 12 (initial active 12) (6 cores per cpu, 2 threads per core) family 6 model 165 stepping 2 microcode 0xe0, cx8, cmov, fxsr, ht, mmx, 3dnowpref, sse, sse2, sse3, ssse3, sse4.1, sse4.2, popcnt, lzcnt, tsc, tscinvbit, avx, avx2, aes, erms, clmul, bmi1, bmi2, adx, fma, vzeroupper, clflush, clflushopt, hv, rdtscp, f16c
Processor Information for the first 12 processors :
  Max Mhz: 2592, Current Mhz: 2592, Mhz Limit: 2592

Memory: 4k page, system-wide physical 16169M (2834M free)
TotalPageFile size 22714M (AvailPageFile size 3M)
current process WorkingSet (physical memory assigned to process): 25M, peak: 25M
current process commit charge ("private bytes"): 207M, peak: 207M

vm_info: OpenJDK 64-Bit Server VM (21.0.8+9-LTS) for windows-amd64 JRE (21.0.8+9-LTS), built on 2025-07-15T00:00:00Z by "admin" with MS VC++ 17.7 (VS2022)

END.
